<?xml version="1.0" encoding="UTF-8"?>
<!-- Generated by org.testng.reporters.JUnitReportReporter -->
<testsuite hostname="DESKTOP-T3HJ6TK" name="gittest.gittest" tests="1" failures="0" timestamp="28 Jul 2019 12:19:12 GMT" time="39.620" errors="0">
  <testcase name="sampleTest" time="39.620" classname="gittest.gittest"/>
</testsuite> <!-- gittest.gittest -->
